cons
 token 93870487935984  ID        output  dtype  0  link 0
 token 0  NULL
cons
 token 93870487944448  ID             i  dtype  0  link 0
 token 0  NULL
binop
 token 93870487944928  OP            :=  dtype  0  link 0  operands 93870487944864
 token 93870487944864  ID             i  dtype  0  link 93870487944992
 token 93870487944992  NUM            3  dtype  0  link 0
cons
 token 93870487944928  OP            :=  dtype  0  link 0  operands 93870487944864
 token 0  NULL
makeprogn
 token 93870487944800  OP         progn  dtype  0  link 0  operands 93870487944928
 token 93870487944928  OP            :=  dtype  0  link 0  operands 93870487944864
makeprogn
 token 93870487945248  OP         progn  dtype  0  link 0  operands 93870487935984
 token 93870487935984  ID        output  dtype  0  link 0
Symbol table level 0
 93870487904928        real  BASIC  basicdt   1          siz     8
 93870487905024     integer  BASIC  basicdt   0          siz     4
 93870487905120        char  BASIC  basicdt   2          siz     1
 93870487905216     boolean  BASIC  basicdt   3          siz     4
 93870487905312         exp  knd 5 0  typ 93870487905408  lvl  0  siz     0  off     0
(FUNCTION real
          real)
 93870487905600       trexp  knd 5 0  typ 93870487905696  lvl  0  siz     0  off     0
(FUNCTION real
          real)
 93870487905888         sin  knd 5 0  typ 93870487905984  lvl  0  siz     0  off     0
(FUNCTION real
          real)
 93870487906176         cos  knd 5 0  typ 93870487906272  lvl  0  siz     0  off     0
(FUNCTION real
          real)
 93870487906464       trsin  knd 5 0  typ 93870487906560  lvl  0  siz     0  off     0
(FUNCTION real
          real)
 93870487906752        sqrt  knd 5 0  typ 93870487906848  lvl  0  siz     0  off     0
(FUNCTION real
          real)
 93870487907040       round  knd 5 0  typ 93870487907136  lvl  0  siz     0  off     0
(FUNCTION real
          real)
 93870487907328      iround  knd 5 0  typ 93870487907424  lvl  0  siz     0  off     0
(FUNCTION integer
          real)
 93870487907616         ord  knd 5 0  typ 93870487907712  lvl  0  siz     0  off     0
(FUNCTION integer
          integer)
 93870487907904         new  knd 5 0  typ 93870487908000  lvl  0  siz     0  off     0
(FUNCTION integer
          integer)
 93870487908192       trnew  knd 5 0  typ 93870487908288  lvl  0  siz     0  off     0
(FUNCTION integer
          integer)
 93870487908480       write  knd 5 0  typ 93870487908576  lvl  0  siz     0  off     0
(FUNCTION NULL
          char)
 93870487908768     writeln  knd 5 0  typ 93870487908864  lvl  0  siz     0  off     0
(FUNCTION NULL
          char)
 93870487909056      writef  knd 5 0  typ 93870487909152  lvl  0  siz     0  off     0
(FUNCTION NULL
          real)
 93870487909344    writelnf  knd 5 0  typ 93870487909440  lvl  0  siz     0  off     0
(FUNCTION NULL
          real)
 93870487909632      writei  knd 5 0  typ 93870487909728  lvl  0  siz     0  off     0
(FUNCTION NULL
          integer)
 93870487909920    writelni  knd 5 0  typ 93870487910016  lvl  0  siz     0  off     0
(FUNCTION NULL
          integer)
 93870487910208        read  knd 5 0  typ 93870487910304  lvl  0  siz     0  off     0
(FUNCTION NULL
          NULL)
 93870487910496      readln  knd 5 0  typ 93870487910592  lvl  0  siz     0  off     0
(FUNCTION NULL
          NULL)
 93870487910784         eof  knd 5 0  typ 93870487910880  lvl  0  siz     0  off     0
(FUNCTION boolean
          NULL)
Symbol table level 1
 93870487944640           i  VAR    0 typ integer  lvl  1  siz     4  off     0
yyparse result =        0
 token 93870487945184  OP       program  dtype  0  link 0  operands 93870487935856
(program graph1 (progn output)
                (progn (:= i 3)))
