Symbol table level 0
 94725310481056        real  BASIC  basicdt   1          siz     8
 94725310481152     integer  BASIC  basicdt   0          siz     4
 94725310481248        char  BASIC  basicdt   2          siz     1
 94725310481344     boolean  BASIC  basicdt   3          siz     4
 94725310481440         exp  knd 5 0  typ 94725310481536  lvl  0  siz     0  off     0
(FUNCTION real
          real)
 94725310481728       trexp  knd 5 0  typ 94725310481824  lvl  0  siz     0  off     0
(FUNCTION real
          real)
 94725310482016         sin  knd 5 0  typ 94725310482112  lvl  0  siz     0  off     0
(FUNCTION real
          real)
 94725310482304         cos  knd 5 0  typ 94725310482400  lvl  0  siz     0  off     0
(FUNCTION real
          real)
 94725310482592       trsin  knd 5 0  typ 94725310482688  lvl  0  siz     0  off     0
(FUNCTION real
          real)
 94725310482880        sqrt  knd 5 0  typ 94725310482976  lvl  0  siz     0  off     0
(FUNCTION real
          real)
 94725310483168       round  knd 5 0  typ 94725310483264  lvl  0  siz     0  off     0
(FUNCTION real
          real)
 94725310483456      iround  knd 5 0  typ 94725310483552  lvl  0  siz     0  off     0
(FUNCTION integer
          real)
 94725310483744         ord  knd 5 0  typ 94725310483840  lvl  0  siz     0  off     0
(FUNCTION integer
          integer)
 94725310484032         new  knd 5 0  typ 94725310484128  lvl  0  siz     0  off     0
(FUNCTION integer
          integer)
 94725310484320       trnew  knd 5 0  typ 94725310484416  lvl  0  siz     0  off     0
(FUNCTION integer
          integer)
 94725310484608       write  knd 5 0  typ 94725310484704  lvl  0  siz     0  off     0
(FUNCTION NULL
          char)
 94725310484896     writeln  knd 5 0  typ 94725310484992  lvl  0  siz     0  off     0
(FUNCTION NULL
          char)
 94725310485184      writef  knd 5 0  typ 94725310485280  lvl  0  siz     0  off     0
(FUNCTION NULL
          real)
 94725310485472    writelnf  knd 5 0  typ 94725310485568  lvl  0  siz     0  off     0
(FUNCTION NULL
          real)
 94725310485760      writei  knd 5 0  typ 94725310485856  lvl  0  siz     0  off     0
(FUNCTION NULL
          integer)
 94725310486048    writelni  knd 5 0  typ 94725310486144  lvl  0  siz     0  off     0
(FUNCTION NULL
          integer)
 94725310486336        read  knd 5 0  typ 94725310486432  lvl  0  siz     0  off     0
(FUNCTION NULL
          NULL)
 94725310486624      readln  knd 5 0  typ 94725310486720  lvl  0  siz     0  off     0
(FUNCTION NULL
          NULL)
 94725310486912         eof  knd 5 0  typ 94725310487008  lvl  0  siz     0  off     0
(FUNCTION boolean
          NULL)
Symbol table level 1
 94725310512688           i  VAR    0 typ integer  lvl  1  siz     4  off     0
 94725310512784         lim  VAR    0 typ integer  lvl  1  siz     4  off     4
 token 94725310514928  OP       program  dtype  0  link 0  operands 94725310511984
(program graph1 (progn output)
                (progn (:= lim 7)
                       (progn (:= i 0)
                              (label 0)
                              (if (<= i lim)
                                  (progn (funcall writeln '*')
                                         (:= i (+ i 1))
                                         (goto 0))))))
